#
# There is insufficient memory for the Java Runtime Environment to continue.
# Native memory allocation (mmap) failed to map 132120576 bytes for Failed to commit area from 0x0000000083e00000 to 0x000000008bc00000 of length 132120576.
# Possible reasons:
#   The system is out of physical RAM or swap space
#   The process is running with CompressedOops enabled, and the Java Heap may be blocking the growth of the native heap
# Possible solutions:
#   Reduce memory load on the system
#   Increase physical memory or swap space
#   Check if swap backing store is full
#   Decrease Java heap size (-Xmx/-Xms)
#   Decrease number of Java threads
#   Decrease Java thread stack sizes (-Xss)
#   Set larger code cache with -XX:ReservedCodeCacheSize=
# This output file may be truncated or incomplete.
#
#  Out of Memory Error (./open/src/hotspot/os/windows/os_windows.cpp:3283), pid=37172, tid=31184
#
# JRE version:  (11.0.17+10) (build )
# Java VM: Java HotSpot(TM) 64-Bit Server VM (11.0.17+10-LTS-269, mixed mode, sharing, tiered, compressed oops, g1 gc, windows-amd64)
# No core dump will be written. Minidumps are not enabled by default on client versions of Windows
#

---------------  S U M M A R Y ------------

Command Line: -Dfile.encoding=UTF-8 --module-path=C:\Users\padal\Documents\NetBeansProjects\Pharmacy\build\classes pharmacy.AdminDashboard

Host: 11th Gen Intel(R) Core(TM) i5-1155G7 @ 2.50GHz, 8 cores, 7G,  Windows 11 , 64 bit Build 22621 (10.0.22621.2428)
Time: Thu Nov  2 21:36:01 2023 India Standard Time elapsed time: 0.009100 seconds (0d 0h 0m 0s)

---------------  T H R E A D  ---------------

Current thread (0x00000271b1fc4000):  JavaThread "Unknown thread" [_thread_in_vm, id=31184, stack(0x0000007ec8200000,0x0000007ec8300000)]

Stack: [0x0000007ec8200000,0x0000007ec8300000]
Native frames: (J=compiled Java code, j=interpreted, Vv=VM code, C=native code)
V  [jvm.dll+0x62b5da]
V  [jvm.dll+0x7653df]
V  [jvm.dll+0x766a89]
V  [jvm.dll+0x767113]
V  [jvm.dll+0x23dd28]
V  [jvm.dll+0x62896a]
V  [jvm.dll+0x61d625]
V  [jvm.dll+0x2f2d3c]
V  [jvm.dll+0x2f2bc2]
V  [jvm.dll+0x2f78e6]
V  [jvm.dll+0x33a2df]
V  [jvm.dll+0x339d10]
V  [jvm.dll+0x2d0368]
V  [jvm.dll+0x2d14d6]
V  [jvm.dll+0x73f9a7]
V  [jvm.dll+0x74123f]
V  [jvm.dll+0x347039]
V  [jvm.dll+0x725280]
V  [jvm.dll+0x3b5c1f]
V  [jvm.dll+0x3b7d31]
C  [jli.dll+0x5207]
C  [ucrtbase.dll+0x29363]
C  [KERNEL32.DLL+0x1257d]
C  [ntdll.dll+0x5aa78]


---------------  P R O C E S S  ---------------

Threads class SMR info:
_java_thread_list=0x00000271afe339b0, length=0, elements={
}

Java Threads: ( => current thread )

Other Threads:
  0x00000271b1fd7000 GCTaskThread "GC Thread#0" [stack: 0x0000007ec8300000,0x0000007ec8400000] [id=36132]
  0x00000271b200d800 ConcurrentGCThread "G1 Main Marker" [stack: 0x0000007ec8400000,0x0000007ec8500000] [id=33480]
  0x00000271b2010000 ConcurrentGCThread "G1 Conc#0" [stack: 0x0000007ec8500000,0x0000007ec8600000] [id=35440]

[error occurred during error reporting (printing all threads), id 0xc0000005, EXCEPTION_ACCESS_VIOLATION (0xc0000005) at pc=0x00007ff8dfc0f5f7]

VM state:not at safepoint (not fully initialized)

VM Mutex/Monitor currently owned by a thread:  ([mutex/lock_event])
[0x00000271b1fbfba0] Heap_lock - owner thread: 0x00000271b1fc4000

Heap address: 0x0000000083e00000, size: 1986 MB, Compressed Oops mode: Non-zero based: 0x0000000083e00000
Narrow klass base: 0x0000000000000000, Narrow klass shift: 0

GC Heap History (0 events):
No events

Deoptimization events (0 events):
No events

Classes redefined (0 events):
No events

Internal exceptions (0 events):
No events

Events (0 events):
No events


Dynamic libraries:
0x00007ff6f5380000 - 0x00007ff6f538f000 	C:\Program Files\Java\jdk-11.0.17\bin\java.exe
0x00007ff9334f0000 - 0x00007ff933707000 	C:\WINDOWS\SYSTEM32\ntdll.dll
0x00007ff931b80000 - 0x00007ff931c44000 	C:\WINDOWS\System32\KERNEL32.DLL
0x00007ff930c90000 - 0x00007ff931036000 	C:\WINDOWS\System32\KERNELBASE.dll
0x00007ff9308f0000 - 0x00007ff930a01000 	C:\WINDOWS\System32\ucrtbase.dll
0x00007ff92b140000 - 0x00007ff92b155000 	C:\Program Files\Java\jdk-11.0.17\bin\VCRUNTIME140.dll
0x00007ff908d00000 - 0x00007ff908d18000 	C:\Program Files\Java\jdk-11.0.17\bin\jli.dll
0x00007ff9327e0000 - 0x00007ff932890000 	C:\WINDOWS\System32\ADVAPI32.dll
0x00007ff9318a0000 - 0x00007ff931947000 	C:\WINDOWS\System32\msvcrt.dll
0x00007ff931420000 - 0x00007ff9314c6000 	C:\WINDOWS\System32\sechost.dll
0x00007ff931fe0000 - 0x00007ff9320f7000 	C:\WINDOWS\System32\RPCRT4.dll
0x00007ff9319d0000 - 0x00007ff931b7d000 	C:\WINDOWS\System32\USER32.dll
0x00007ff931040000 - 0x00007ff931066000 	C:\WINDOWS\System32\win32u.dll
0x00007ff9322d0000 - 0x00007ff9322f9000 	C:\WINDOWS\System32\GDI32.dll
0x00007ff9142e0000 - 0x00007ff914573000 	C:\WINDOWS\WinSxS\amd64_microsoft.windows.common-controls_6595b64144ccf1df_6.0.22621.2361_none_2712ced57382f843\COMCTL32.dll
0x00007ff931070000 - 0x00007ff931188000 	C:\WINDOWS\System32\gdi32full.dll
0x00007ff930bf0000 - 0x00007ff930c8a000 	C:\WINDOWS\System32\msvcp_win.dll
0x00007ff9255d0000 - 0x00007ff9255da000 	C:\WINDOWS\SYSTEM32\VERSION.dll
0x00007ff9315c0000 - 0x00007ff9315f1000 	C:\WINDOWS\System32\IMM32.DLL
0x00007ff916560000 - 0x00007ff9165fb000 	C:\Program Files\Java\jdk-11.0.17\bin\msvcp140.dll
0x00007ff8df930000 - 0x00007ff8e044a000 	C:\Program Files\Java\jdk-11.0.17\bin\server\jvm.dll
0x00007ff9334a0000 - 0x00007ff9334a8000 	C:\WINDOWS\System32\PSAPI.DLL
0x00007ff927bf0000 - 0x00007ff927c24000 	C:\WINDOWS\SYSTEM32\WINMM.dll
0x00007ff90c730000 - 0x00007ff90c739000 	C:\WINDOWS\SYSTEM32\WSOCK32.dll
0x00007ff931950000 - 0x00007ff9319c1000 	C:\WINDOWS\System32\WS2_32.dll
0x00007ff92f920000 - 0x00007ff92f938000 	C:\WINDOWS\SYSTEM32\kernel.appcore.dll
0x00007ff92b130000 - 0x00007ff92b140000 	C:\Program Files\Java\jdk-11.0.17\bin\verify.dll
0x00007ff92dad0000 - 0x00007ff92dcfe000 	C:\WINDOWS\SYSTEM32\DBGHELP.DLL
0x00007ff931c50000 - 0x00007ff931fda000 	C:\WINDOWS\System32\combase.dll
0x00007ff9314e0000 - 0x00007ff9315b7000 	C:\WINDOWS\System32\OLEAUT32.dll
0x00007ff90fc40000 - 0x00007ff90fc72000 	C:\WINDOWS\SYSTEM32\dbgcore.DLL
0x00007ff930870000 - 0x00007ff9308ea000 	C:\WINDOWS\System32\bcryptPrimitives.dll
0x00007ff9168b0000 - 0x00007ff9168d8000 	C:\Program Files\Java\jdk-11.0.17\bin\java.dll
0x00007ff928ec0000 - 0x00007ff928eca000 	C:\Program Files\Java\jdk-11.0.17\bin\jimage.dll
0x00007ff928e50000 - 0x00007ff928e66000 	C:\Program Files\Java\jdk-11.0.17\bin\zip.dll

dbghelp: loaded successfully - version: 4.0.5 - missing functions: none
symbol engine: initialized successfully - sym options: 0x614 - pdb path: .;C:\Program Files\Java\jdk-11.0.17\bin;C:\WINDOWS\SYSTEM32;C:\WINDOWS\WinSxS\amd64_microsoft.windows.common-controls_6595b64144ccf1df_6.0.22621.2361_none_2712ced57382f843;C:\Program Files\Java\jdk-11.0.17\bin\server

VM Arguments:
jvm_args: -Dfile.encoding=UTF-8 --module-path=C:\Users\padal\Documents\NetBeansProjects\Pharmacy\build\classes 
java_command: pharmacy.AdminDashboard
java_class_path (initial): C:\Users\padal\Downloads\rs2xml.jar;C:\Users\padal\Downloads\mysql-connector-java-8.0.28.jar;C:\Users\padal\Documents\NetBeansProjects\Pharmacy\build\classes
Launcher Type: SUN_STANDARD

[Global flags]
     intx CICompilerCount                          = 4                                         {product} {ergonomic}
     uint ConcGCThreads                            = 2                                         {product} {ergonomic}
     uint G1ConcRefinementThreads                  = 8                                         {product} {ergonomic}
   size_t G1HeapRegionSize                         = 1048576                                   {product} {ergonomic}
    uintx GCDrainStackTargetSize                   = 64                                        {product} {ergonomic}
   size_t InitialHeapSize                          = 132120576                                 {product} {ergonomic}
   size_t MarkStackSize                            = 4194304                                   {product} {ergonomic}
   size_t MaxHeapSize                              = 2082471936                                {product} {ergonomic}
   size_t MinHeapDeltaBytes                        = 1048576                                   {product} {ergonomic}
    uintx NonNMethodCodeHeapSize                   = 5836300                                {pd product} {ergonomic}
    uintx NonProfiledCodeHeapSize                  = 122910970                              {pd product} {ergonomic}
    uintx ProfiledCodeHeapSize                     = 122910970                              {pd product} {ergonomic}
    uintx ReservedCodeCacheSize                    = 251658240                              {pd product} {ergonomic}
     bool SegmentedCodeCache                       = true                                      {product} {ergonomic}
     bool UseCompressedClassPointers               = true                                 {lp64_product} {ergonomic}
     bool UseCompressedOops                        = true                                 {lp64_product} {ergonomic}
     bool UseG1GC                                  = true                                      {product} {ergonomic}
     bool UseLargePagesIndividualAllocation        = false                                  {pd product} {ergonomic}

Logging:
Log output configuration:
 #0: stdout all=warning uptime,level,tags
 #1: stderr all=off uptime,level,tags

Environment Variables:
PATH=C:\Program Files\Common Files\Oracle\Java\javapath;C:\Program Files (x86)\VMware\VMware Workstation\bin\;C:\WINDOWS\system32;C:\WINDOWS;C:\WINDOWS\System32\Wbem;C:\WINDOWS\System32\WindowsPowerShell\v1.0\;C:\WINDOWS\System32\OpenSSH\;C:\Program Files\MySQL\MySQL Server 8.0\bin;E:\Git\cmd;E:\NODEJS\;C:\Program Files\MySQL\MySQL Shell 8.0\bin\;C:\Users\padal\AppData\Local\Programs\Python\Python310\Scripts\;C:\Users\padal\AppData\Local\Programs\Python\Python310\;C:\Users\padal\AppData\Local\Microsoft\WindowsApps;E:\Microsoft VS Code\bin;C:\Program Files\Java\jdk-11.0.17\bin;C:\Users\padal\AppData\Roaming\npm;C:\Program Files\MongoDB\Server\7.0\bin;
USERNAME=padal
OS=Windows_NT
PROCESSOR_IDENTIFIER=Intel64 Family 6 Model 140 Stepping 2, GenuineIntel



---------------  S Y S T E M  ---------------

OS: Windows 11 , 64 bit Build 22621 (10.0.22621.2428)

CPU:total 8 (initial active 8) (4 cores per cpu, 2 threads per core) family 6 model 140 stepping 2 microcode 0x2c, cmov, cx8, fxsr, mmx, sse, sse2, sse3, ssse3, sse4.1, sse4.2, popcnt, avx, avx2, aes, clmul, erms, 3dnowpref, lzcnt, ht, tsc, tscinvbit, bmi1, bmi2, adx, evex, sha, fma

Memory: 4k page, system-wide physical 7941M (539M free)
TotalPageFile size 32492M (AvailPageFile size 53M)
current process WorkingSet (physical memory assigned to process): 10M, peak: 10M
current process commit charge ("private bytes"): 60M, peak: 186M

vm_info: Java HotSpot(TM) 64-Bit Server VM (11.0.17+10-LTS-269) for windows-amd64 JRE (11.0.17+10-LTS-269), built on Sep 13 2022 19:26:37 by "mach5one" with MS VC++ 15.9 (VS2017)

END.
