#
# There is insufficient memory for the Java Runtime Environment to continue.
# Native memory allocation (malloc) failed to allocate 64096 bytes for Chunk::new
# Possible reasons:
#   The system is out of physical RAM or swap space
#   The process is running with CompressedOops enabled, and the Java Heap may be blocking the growth of the native heap
# Possible solutions:
#   Reduce memory load on the system
#   Increase physical memory or swap space
#   Check if swap backing store is full
#   Decrease Java heap size (-Xmx/-Xms)
#   Decrease number of Java threads
#   Decrease Java thread stack sizes (-Xss)
#   Set larger code cache with -XX:ReservedCodeCacheSize=
#   JVM is running with Unscaled Compressed Oops mode in which the Java heap is
#     placed in the first 4GB address space. The Java Heap base address is the
#     maximum limit for the native heap growth. Please use -XX:HeapBaseMinAddress
#     to set the Java Heap base and to place the Java Heap above 4GB virtual address.
# This output file may be truncated or incomplete.
#
#  Out of Memory Error (./open/src/hotspot/share/memory/arena.cpp:197), pid=22932, tid=30732
#
# JRE version: Java(TM) SE Runtime Environment 18.9 (11.0.17+10) (build 11.0.17+10-LTS-269)
# Java VM: Java HotSpot(TM) 64-Bit Server VM 18.9 (11.0.17+10-LTS-269, mixed mode, tiered, compressed oops, g1 gc, windows-amd64)
# No core dump will be written. Minidumps are not enabled by default on client versions of Windows
#

---------------  S U M M A R Y ------------

Command Line: -Dfile.encoding=UTF-8 --module-path=C:\Users\padal\Documents\NetBeansProjects\Pharmacy\build\classes pharmacy.AdminDashboard

Host: 11th Gen Intel(R) Core(TM) i5-1155G7 @ 2.50GHz, 8 cores, 7G,  Windows 11 , 64 bit Build 22621 (10.0.22621.2428)
Time: Sat Nov  4 23:32:08 2023 India Standard Time elapsed time: 11.361232 seconds (0d 0h 0m 11s)

---------------  T H R E A D  ---------------

Current thread (0x000001fd93548000):  JavaThread "C2 CompilerThread0" daemon [_thread_in_native, id=30732, stack(0x0000006c5ca00000,0x0000006c5cb00000)]


Current CompileTask:
C2:  11361 1238       4       java.util.HashMap::get (23 bytes)

Stack: [0x0000006c5ca00000,0x0000006c5cb00000]
Native frames: (J=compiled Java code, j=interpreted, Vv=VM code, C=native code)
V  [jvm.dll+0x62b5da]
V  [jvm.dll+0x7653df]
V  [jvm.dll+0x766a89]
V  [jvm.dll+0x767113]
V  [jvm.dll+0x23dd28]
V  [jvm.dll+0xb2a1c]
V  [jvm.dll+0xb2fdc]
V  [jvm.dll+0x2aeaa4]
V  [jvm.dll+0x53e83b]
V  [jvm.dll+0x1fa1a9]
V  [jvm.dll+0x1f77dd]
V  [jvm.dll+0x177c91]
V  [jvm.dll+0x207296]
V  [jvm.dll+0x20542b]
V  [jvm.dll+0x72b2c0]
V  [jvm.dll+0x723e64]
V  [jvm.dll+0x62a485]
C  [ucrtbase.dll+0x29363]
C  [KERNEL32.DLL+0x1257d]
C  [ntdll.dll+0x5aa78]


---------------  P R O C E S S  ---------------

Threads class SMR info:
_java_thread_list=0x000001fd949d4e70, length=16, elements={
0x000001fd9353d800, 0x000001fd9352b800, 0x000001fd93ea2800, 0x000001fd93ea3800,
0x000001fd93547000, 0x000001fd93548000, 0x000001fd93550800, 0x000001fd93551800,
0x000001fd934c2800, 0x000001fd943e4000, 0x000001fd943e7800, 0x000001fd943eb000,
0x000001fd94449800, 0x000001fd9463a800, 0x000001fd95ce7800, 0x000001fdf3730800
}

Java Threads: ( => current thread )
  0x000001fd9353d800 JavaThread "Reference Handler" daemon [_thread_blocked, id=26080, stack(0x0000006c5c500000,0x0000006c5c600000)]
  0x000001fd9352b800 JavaThread "Finalizer" daemon [_thread_blocked, id=7564, stack(0x0000006c5c600000,0x0000006c5c700000)]
  0x000001fd93ea2800 JavaThread "Signal Dispatcher" daemon [_thread_blocked, id=30548, stack(0x0000006c5c700000,0x0000006c5c800000)]
  0x000001fd93ea3800 JavaThread "Attach Listener" daemon [_thread_blocked, id=5880, stack(0x0000006c5c800000,0x0000006c5c900000)]
  0x000001fd93547000 JavaThread "Service Thread" daemon [_thread_blocked, id=3580, stack(0x0000006c5c900000,0x0000006c5ca00000)]
=>0x000001fd93548000 JavaThread "C2 CompilerThread0" daemon [_thread_in_native, id=30732, stack(0x0000006c5ca00000,0x0000006c5cb00000)]
  0x000001fd93550800 JavaThread "C1 CompilerThread0" daemon [_thread_blocked, id=24364, stack(0x0000006c5cb00000,0x0000006c5cc00000)]
  0x000001fd93551800 JavaThread "Sweeper thread" daemon [_thread_blocked, id=16792, stack(0x0000006c5cc00000,0x0000006c5cd00000)]
  0x000001fd934c2800 JavaThread "Common-Cleaner" daemon [_thread_blocked, id=19248, stack(0x0000006c5cd00000,0x0000006c5ce00000)]
  0x000001fd943e4000 JavaThread "Java2D Disposer" daemon [_thread_blocked, id=5244, stack(0x0000006c5d000000,0x0000006c5d100000)]
  0x000001fd943e7800 JavaThread "AWT-Shutdown" [_thread_blocked, id=26672, stack(0x0000006c5d100000,0x0000006c5d200000)]
  0x000001fd943eb000 JavaThread "AWT-Windows" daemon [_thread_in_native, id=31000, stack(0x0000006c5d200000,0x0000006c5d300000)]
  0x000001fd94449800 JavaThread "EventQueueMonitor-ComponentEvtDispatch" daemon [_thread_blocked, id=744, stack(0x0000006c5d300000,0x0000006c5d400000)]
  0x000001fd9463a800 JavaThread "Thread-1" daemon [_thread_in_native, id=26260, stack(0x0000006c5d400000,0x0000006c5d500000)]
  0x000001fd95ce7800 JavaThread "AWT-EventQueue-0" [_thread_blocked, id=28924, stack(0x0000006c5d700000,0x0000006c5d800000)]
  0x000001fdf3730800 JavaThread "DestroyJavaVM" [_thread_blocked, id=11496, stack(0x0000006c5be00000,0x0000006c5bf00000)]

Other Threads:
  0x000001fd9352a000 VMThread "VM Thread" [stack: 0x0000006c5c400000,0x0000006c5c500000] [id=6512]
  0x000001fd9425e800 WatcherThread [stack: 0x0000006c5cf00000,0x0000006c5d000000] [id=25228]
  0x000001fdf3746000 GCTaskThread "GC Thread#0" [stack: 0x0000006c5bf00000,0x0000006c5c000000] [id=26588]
  0x000001fdf3777000 ConcurrentGCThread "G1 Main Marker" [stack: 0x0000006c5c000000,0x0000006c5c100000] [id=18588]
  0x000001fdf3779800 ConcurrentGCThread "G1 Conc#0" [stack: 0x0000006c5c100000,0x0000006c5c200000] [id=24188]
  0x000001fd93370800 ConcurrentGCThread "G1 Refine#0" [stack: 0x0000006c5c200000,0x0000006c5c300000] [id=26072]
  0x000001fd93371800 ConcurrentGCThread "G1 Young RemSet Sampling" [stack: 0x0000006c5c300000,0x0000006c5c400000] [id=9228]

Threads with active compile tasks:
C2 CompilerThread0    11396 1238       4       java.util.HashMap::get (23 bytes)

VM state:not at safepoint (normal execution)

VM Mutex/Monitor currently owned by a thread: None

Heap address: 0x0000000083e00000, size: 1986 MB, Compressed Oops mode: 32-bit
Narrow klass base: 0x0000000000000000, Narrow klass shift: 3
Compressed class space size: 1073741824 Address: 0x0000000100000000

Heap:
 garbage-first heap   total 129024K, used 23552K [0x0000000083e00000, 0x0000000100000000)
  region size 1024K, 16 young (16384K), 0 survivors (0K)
 Metaspace       used 15021K, capacity 15462K, committed 15744K, reserved 1062912K
  class space    used 1562K, capacity 1811K, committed 1920K, reserved 1048576K
Heap Regions: E=young(eden), S=young(survivor), O=old, HS=humongous(starts), HC=humongous(continues), CS=collection set, F=free, A=archive, TAMS=top-at-mark-start (previous, next)
|   0|0x0000000083e00000, 0x0000000083f00000, 0x0000000083f00000|100%|HS|  |TAMS 0x0000000083e00000, 0x0000000083e00000| Complete 
|   1|0x0000000083f00000, 0x0000000084000000, 0x0000000084000000|100%|HC|  |TAMS 0x0000000083f00000, 0x0000000083f00000| Complete 
|   2|0x0000000084000000, 0x0000000084100000, 0x0000000084100000|100%|HS|  |TAMS 0x0000000084000000, 0x0000000084000000| Complete 
|   3|0x0000000084100000, 0x0000000084200000, 0x0000000084200000|100%|HC|  |TAMS 0x0000000084100000, 0x0000000084100000| Complete 
|   4|0x0000000084200000, 0x0000000084300000, 0x0000000084300000|100%|HC|  |TAMS 0x0000000084200000, 0x0000000084200000| Complete 
|   5|0x0000000084300000, 0x0000000084400000, 0x0000000084400000|100%|HC|  |TAMS 0x0000000084300000, 0x0000000084300000| Complete 
|   6|0x0000000084400000, 0x0000000084500000, 0x0000000084500000|100%|HC|  |TAMS 0x0000000084400000, 0x0000000084400000| Complete 
|   7|0x0000000084500000, 0x0000000084600000, 0x0000000084600000|100%|HC|  |TAMS 0x0000000084500000, 0x0000000084500000| Complete 
|   8|0x0000000084600000, 0x0000000084600000, 0x0000000084700000|  0%| F|  |TAMS 0x0000000084600000, 0x0000000084600000| Untracked 
|   9|0x0000000084700000, 0x0000000084700000, 0x0000000084800000|  0%| F|  |TAMS 0x0000000084700000, 0x0000000084700000| Untracked 
|  10|0x0000000084800000, 0x0000000084800000, 0x0000000084900000|  0%| F|  |TAMS 0x0000000084800000, 0x0000000084800000| Untracked 
|  11|0x0000000084900000, 0x0000000084900000, 0x0000000084a00000|  0%| F|  |TAMS 0x0000000084900000, 0x0000000084900000| Untracked 
|  12|0x0000000084a00000, 0x0000000084a00000, 0x0000000084b00000|  0%| F|  |TAMS 0x0000000084a00000, 0x0000000084a00000| Untracked 
|  13|0x0000000084b00000, 0x0000000084b00000, 0x0000000084c00000|  0%| F|  |TAMS 0x0000000084b00000, 0x0000000084b00000| Untracked 
|  14|0x0000000084c00000, 0x0000000084c00000, 0x0000000084d00000|  0%| F|  |TAMS 0x0000000084c00000, 0x0000000084c00000| Untracked 
|  15|0x0000000084d00000, 0x0000000084d00000, 0x0000000084e00000|  0%| F|  |TAMS 0x0000000084d00000, 0x0000000084d00000| Untracked 
|  16|0x0000000084e00000, 0x0000000084e00000, 0x0000000084f00000|  0%| F|  |TAMS 0x0000000084e00000, 0x0000000084e00000| Untracked 
|  17|0x0000000084f00000, 0x0000000084f00000, 0x0000000085000000|  0%| F|  |TAMS 0x0000000084f00000, 0x0000000084f00000| Untracked 
|  18|0x0000000085000000, 0x0000000085000000, 0x0000000085100000|  0%| F|  |TAMS 0x0000000085000000, 0x0000000085000000| Untracked 
|  19|0x0000000085100000, 0x0000000085100000, 0x0000000085200000|  0%| F|  |TAMS 0x0000000085100000, 0x0000000085100000| Untracked 
|  20|0x0000000085200000, 0x0000000085200000, 0x0000000085300000|  0%| F|  |TAMS 0x0000000085200000, 0x0000000085200000| Untracked 
|  21|0x0000000085300000, 0x0000000085300000, 0x0000000085400000|  0%| F|  |TAMS 0x0000000085300000, 0x0000000085300000| Untracked 
|  22|0x0000000085400000, 0x0000000085400000, 0x0000000085500000|  0%| F|  |TAMS 0x0000000085400000, 0x0000000085400000| Untracked 
|  23|0x0000000085500000, 0x0000000085500000, 0x0000000085600000|  0%| F|  |TAMS 0x0000000085500000, 0x0000000085500000| Untracked 
|  24|0x0000000085600000, 0x0000000085600000, 0x0000000085700000|  0%| F|  |TAMS 0x0000000085600000, 0x0000000085600000| Untracked 
|  25|0x0000000085700000, 0x0000000085700000, 0x0000000085800000|  0%| F|  |TAMS 0x0000000085700000, 0x0000000085700000| Untracked 
|  26|0x0000000085800000, 0x0000000085800000, 0x0000000085900000|  0%| F|  |TAMS 0x0000000085800000, 0x0000000085800000| Untracked 
|  27|0x0000000085900000, 0x0000000085900000, 0x0000000085a00000|  0%| F|  |TAMS 0x0000000085900000, 0x0000000085900000| Untracked 
|  28|0x0000000085a00000, 0x0000000085a00000, 0x0000000085b00000|  0%| F|  |TAMS 0x0000000085a00000, 0x0000000085a00000| Untracked 
|  29|0x0000000085b00000, 0x0000000085b00000, 0x0000000085c00000|  0%| F|  |TAMS 0x0000000085b00000, 0x0000000085b00000| Untracked 
|  30|0x0000000085c00000, 0x0000000085c00000, 0x0000000085d00000|  0%| F|  |TAMS 0x0000000085c00000, 0x0000000085c00000| Untracked 
|  31|0x0000000085d00000, 0x0000000085d00000, 0x0000000085e00000|  0%| F|  |TAMS 0x0000000085d00000, 0x0000000085d00000| Untracked 
|  32|0x0000000085e00000, 0x0000000085e00000, 0x0000000085f00000|  0%| F|  |TAMS 0x0000000085e00000, 0x0000000085e00000| Untracked 
|  33|0x0000000085f00000, 0x0000000085f00000, 0x0000000086000000|  0%| F|  |TAMS 0x0000000085f00000, 0x0000000085f00000| Untracked 
|  34|0x0000000086000000, 0x0000000086000000, 0x0000000086100000|  0%| F|  |TAMS 0x0000000086000000, 0x0000000086000000| Untracked 
|  35|0x0000000086100000, 0x0000000086100000, 0x0000000086200000|  0%| F|  |TAMS 0x0000000086100000, 0x0000000086100000| Untracked 
|  36|0x0000000086200000, 0x0000000086200000, 0x0000000086300000|  0%| F|  |TAMS 0x0000000086200000, 0x0000000086200000| Untracked 
|  37|0x0000000086300000, 0x0000000086300000, 0x0000000086400000|  0%| F|  |TAMS 0x0000000086300000, 0x0000000086300000| Untracked 
|  38|0x0000000086400000, 0x0000000086400000, 0x0000000086500000|  0%| F|  |TAMS 0x0000000086400000, 0x0000000086400000| Untracked 
|  39|0x0000000086500000, 0x0000000086500000, 0x0000000086600000|  0%| F|  |TAMS 0x0000000086500000, 0x0000000086500000| Untracked 
|  40|0x0000000086600000, 0x0000000086600000, 0x0000000086700000|  0%| F|  |TAMS 0x0000000086600000, 0x0000000086600000| Untracked 
|  41|0x0000000086700000, 0x0000000086700000, 0x0000000086800000|  0%| F|  |TAMS 0x0000000086700000, 0x0000000086700000| Untracked 
|  42|0x0000000086800000, 0x0000000086800000, 0x0000000086900000|  0%| F|  |TAMS 0x0000000086800000, 0x0000000086800000| Untracked 
|  43|0x0000000086900000, 0x0000000086900000, 0x0000000086a00000|  0%| F|  |TAMS 0x0000000086900000, 0x0000000086900000| Untracked 
|  44|0x0000000086a00000, 0x0000000086a00000, 0x0000000086b00000|  0%| F|  |TAMS 0x0000000086a00000, 0x0000000086a00000| Untracked 
|  45|0x0000000086b00000, 0x0000000086b00000, 0x0000000086c00000|  0%| F|  |TAMS 0x0000000086b00000, 0x0000000086b00000| Untracked 
|  46|0x0000000086c00000, 0x0000000086c00000, 0x0000000086d00000|  0%| F|  |TAMS 0x0000000086c00000, 0x0000000086c00000| Untracked 
|  47|0x0000000086d00000, 0x0000000086d00000, 0x0000000086e00000|  0%| F|  |TAMS 0x0000000086d00000, 0x0000000086d00000| Untracked 
|  48|0x0000000086e00000, 0x0000000086e00000, 0x0000000086f00000|  0%| F|  |TAMS 0x0000000086e00000, 0x0000000086e00000| Untracked 
|  49|0x0000000086f00000, 0x0000000086f00000, 0x0000000087000000|  0%| F|  |TAMS 0x0000000086f00000, 0x0000000086f00000| Untracked 
|  50|0x0000000087000000, 0x0000000087000000, 0x0000000087100000|  0%| F|  |TAMS 0x0000000087000000, 0x0000000087000000| Untracked 
|  51|0x0000000087100000, 0x0000000087100000, 0x0000000087200000|  0%| F|  |TAMS 0x0000000087100000, 0x0000000087100000| Untracked 
|  52|0x0000000087200000, 0x0000000087200000, 0x0000000087300000|  0%| F|  |TAMS 0x0000000087200000, 0x0000000087200000| Untracked 
|  53|0x0000000087300000, 0x0000000087300000, 0x0000000087400000|  0%| F|  |TAMS 0x0000000087300000, 0x0000000087300000| Untracked 
|  54|0x0000000087400000, 0x0000000087400000, 0x0000000087500000|  0%| F|  |TAMS 0x0000000087400000, 0x0000000087400000| Untracked 
|  55|0x0000000087500000, 0x0000000087500000, 0x0000000087600000|  0%| F|  |TAMS 0x0000000087500000, 0x0000000087500000| Untracked 
|  56|0x0000000087600000, 0x0000000087600000, 0x0000000087700000|  0%| F|  |TAMS 0x0000000087600000, 0x0000000087600000| Untracked 
|  57|0x0000000087700000, 0x0000000087700000, 0x0000000087800000|  0%| F|  |TAMS 0x0000000087700000, 0x0000000087700000| Untracked 
|  58|0x0000000087800000, 0x0000000087800000, 0x0000000087900000|  0%| F|  |TAMS 0x0000000087800000, 0x0000000087800000| Untracked 
|  59|0x0000000087900000, 0x0000000087900000, 0x0000000087a00000|  0%| F|  |TAMS 0x0000000087900000, 0x0000000087900000| Untracked 
|  60|0x0000000087a00000, 0x0000000087a00000, 0x0000000087b00000|  0%| F|  |TAMS 0x0000000087a00000, 0x0000000087a00000| Untracked 
|  61|0x0000000087b00000, 0x0000000087b00000, 0x0000000087c00000|  0%| F|  |TAMS 0x0000000087b00000, 0x0000000087b00000| Untracked 
|  62|0x0000000087c00000, 0x0000000087c00000, 0x0000000087d00000|  0%| F|  |TAMS 0x0000000087c00000, 0x0000000087c00000| Untracked 
|  63|0x0000000087d00000, 0x0000000087d00000, 0x0000000087e00000|  0%| F|  |TAMS 0x0000000087d00000, 0x0000000087d00000| Untracked 
|  64|0x0000000087e00000, 0x0000000087e00000, 0x0000000087f00000|  0%| F|  |TAMS 0x0000000087e00000, 0x0000000087e00000| Untracked 
|  65|0x0000000087f00000, 0x0000000087f00000, 0x0000000088000000|  0%| F|  |TAMS 0x0000000087f00000, 0x0000000087f00000| Untracked 
|  66|0x0000000088000000, 0x0000000088000000, 0x0000000088100000|  0%| F|  |TAMS 0x0000000088000000, 0x0000000088000000| Untracked 
|  67|0x0000000088100000, 0x0000000088100000, 0x0000000088200000|  0%| F|  |TAMS 0x0000000088100000, 0x0000000088100000| Untracked 
|  68|0x0000000088200000, 0x0000000088200000, 0x0000000088300000|  0%| F|  |TAMS 0x0000000088200000, 0x0000000088200000| Untracked 
|  69|0x0000000088300000, 0x0000000088300000, 0x0000000088400000|  0%| F|  |TAMS 0x0000000088300000, 0x0000000088300000| Untracked 
|  70|0x0000000088400000, 0x0000000088400000, 0x0000000088500000|  0%| F|  |TAMS 0x0000000088400000, 0x0000000088400000| Untracked 
|  71|0x0000000088500000, 0x0000000088500000, 0x0000000088600000|  0%| F|  |TAMS 0x0000000088500000, 0x0000000088500000| Untracked 
|  72|0x0000000088600000, 0x0000000088600000, 0x0000000088700000|  0%| F|  |TAMS 0x0000000088600000, 0x0000000088600000| Untracked 
|  73|0x0000000088700000, 0x0000000088700000, 0x0000000088800000|  0%| F|  |TAMS 0x0000000088700000, 0x0000000088700000| Untracked 
|  74|0x0000000088800000, 0x0000000088800000, 0x0000000088900000|  0%| F|  |TAMS 0x0000000088800000, 0x0000000088800000| Untracked 
|  75|0x0000000088900000, 0x0000000088900000, 0x0000000088a00000|  0%| F|  |TAMS 0x0000000088900000, 0x0000000088900000| Untracked 
|  76|0x0000000088a00000, 0x0000000088a00000, 0x0000000088b00000|  0%| F|  |TAMS 0x0000000088a00000, 0x0000000088a00000| Untracked 
|  77|0x0000000088b00000, 0x0000000088b00000, 0x0000000088c00000|  0%| F|  |TAMS 0x0000000088b00000, 0x0000000088b00000| Untracked 
|  78|0x0000000088c00000, 0x0000000088c00000, 0x0000000088d00000|  0%| F|  |TAMS 0x0000000088c00000, 0x0000000088c00000| Untracked 
|  79|0x0000000088d00000, 0x0000000088d00000, 0x0000000088e00000|  0%| F|  |TAMS 0x0000000088d00000, 0x0000000088d00000| Untracked 
|  80|0x0000000088e00000, 0x0000000088e00000, 0x0000000088f00000|  0%| F|  |TAMS 0x0000000088e00000, 0x0000000088e00000| Untracked 
|  81|0x0000000088f00000, 0x0000000088f00000, 0x0000000089000000|  0%| F|  |TAMS 0x0000000088f00000, 0x0000000088f00000| Untracked 
|  82|0x0000000089000000, 0x0000000089000000, 0x0000000089100000|  0%| F|  |TAMS 0x0000000089000000, 0x0000000089000000| Untracked 
|  83|0x0000000089100000, 0x0000000089100000, 0x0000000089200000|  0%| F|  |TAMS 0x0000000089100000, 0x0000000089100000| Untracked 
|  84|0x0000000089200000, 0x0000000089200000, 0x0000000089300000|  0%| F|  |TAMS 0x0000000089200000, 0x0000000089200000| Untracked 
|  85|0x0000000089300000, 0x0000000089300000, 0x0000000089400000|  0%| F|  |TAMS 0x0000000089300000, 0x0000000089300000| Untracked 
|  86|0x0000000089400000, 0x0000000089400000, 0x0000000089500000|  0%| F|  |TAMS 0x0000000089400000, 0x0000000089400000| Untracked 
|  87|0x0000000089500000, 0x0000000089500000, 0x0000000089600000|  0%| F|  |TAMS 0x0000000089500000, 0x0000000089500000| Untracked 
|  88|0x0000000089600000, 0x0000000089600000, 0x0000000089700000|  0%| F|  |TAMS 0x0000000089600000, 0x0000000089600000| Untracked 
|  89|0x0000000089700000, 0x0000000089700000, 0x0000000089800000|  0%| F|  |TAMS 0x0000000089700000, 0x0000000089700000| Untracked 
|  90|0x0000000089800000, 0x0000000089800000, 0x0000000089900000|  0%| F|  |TAMS 0x0000000089800000, 0x0000000089800000| Untracked 
|  91|0x0000000089900000, 0x0000000089900000, 0x0000000089a00000|  0%| F|  |TAMS 0x0000000089900000, 0x0000000089900000| Untracked 
|  92|0x0000000089a00000, 0x0000000089a00000, 0x0000000089b00000|  0%| F|  |TAMS 0x0000000089a00000, 0x0000000089a00000| Untracked 
|  93|0x0000000089b00000, 0x0000000089b00000, 0x0000000089c00000|  0%| F|  |TAMS 0x0000000089b00000, 0x0000000089b00000| Untracked 
|  94|0x0000000089c00000, 0x0000000089c00000, 0x0000000089d00000|  0%| F|  |TAMS 0x0000000089c00000, 0x0000000089c00000| Untracked 
|  95|0x0000000089d00000, 0x0000000089d00000, 0x0000000089e00000|  0%| F|  |TAMS 0x0000000089d00000, 0x0000000089d00000| Untracked 
|  96|0x0000000089e00000, 0x0000000089e00000, 0x0000000089f00000|  0%| F|  |TAMS 0x0000000089e00000, 0x0000000089e00000| Untracked 
|  97|0x0000000089f00000, 0x0000000089f00000, 0x000000008a000000|  0%| F|  |TAMS 0x0000000089f00000, 0x0000000089f00000| Untracked 
|  98|0x000000008a000000, 0x000000008a000000, 0x000000008a100000|  0%| F|  |TAMS 0x000000008a000000, 0x000000008a000000| Untracked 
|  99|0x000000008a100000, 0x000000008a100000, 0x000000008a200000|  0%| F|  |TAMS 0x000000008a100000, 0x000000008a100000| Untracked 
| 100|0x000000008a200000, 0x000000008a200000, 0x000000008a300000|  0%| F|  |TAMS 0x000000008a200000, 0x000000008a200000| Untracked 
| 101|0x000000008a300000, 0x000000008a300000, 0x000000008a400000|  0%| F|  |TAMS 0x000000008a300000, 0x000000008a300000| Untracked 
| 102|0x000000008a400000, 0x000000008a400000, 0x000000008a500000|  0%| F|  |TAMS 0x000000008a400000, 0x000000008a400000| Untracked 
| 103|0x000000008a500000, 0x000000008a500000, 0x000000008a600000|  0%| F|  |TAMS 0x000000008a500000, 0x000000008a500000| Untracked 
| 104|0x000000008a600000, 0x000000008a600000, 0x000000008a700000|  0%| F|  |TAMS 0x000000008a600000, 0x000000008a600000| Untracked 
| 105|0x000000008a700000, 0x000000008a700000, 0x000000008a800000|  0%| F|  |TAMS 0x000000008a700000, 0x000000008a700000| Untracked 
| 106|0x000000008a800000, 0x000000008a800000, 0x000000008a900000|  0%| F|  |TAMS 0x000000008a800000, 0x000000008a800000| Untracked 
| 107|0x000000008a900000, 0x000000008a900000, 0x000000008aa00000|  0%| F|  |TAMS 0x000000008a900000, 0x000000008a900000| Untracked 
| 108|0x000000008aa00000, 0x000000008aa00000, 0x000000008ab00000|  0%| F|  |TAMS 0x000000008aa00000, 0x000000008aa00000| Untracked 
| 109|0x000000008ab00000, 0x000000008ab00000, 0x000000008ac00000|  0%| F|  |TAMS 0x000000008ab00000, 0x000000008ab00000| Untracked 
| 110|0x000000008ac00000, 0x000000008ac7b630, 0x000000008ad00000| 48%| E|  |TAMS 0x000000008ac00000, 0x000000008ac00000| Complete 
| 111|0x000000008ad00000, 0x000000008ae00000, 0x000000008ae00000|100%| E|CS|TAMS 0x000000008ad00000, 0x000000008ad00000| Complete 
| 112|0x000000008ae00000, 0x000000008af00000, 0x000000008af00000|100%| E|CS|TAMS 0x000000008ae00000, 0x000000008ae00000| Complete 
| 113|0x000000008af00000, 0x000000008b000000, 0x000000008b000000|100%| E|CS|TAMS 0x000000008af00000, 0x000000008af00000| Complete 
| 114|0x000000008b000000, 0x000000008b100000, 0x000000008b100000|100%| E|CS|TAMS 0x000000008b000000, 0x000000008b000000| Complete 
| 115|0x000000008b100000, 0x000000008b200000, 0x000000008b200000|100%| E|CS|TAMS 0x000000008b100000, 0x000000008b100000| Complete 
| 116|0x000000008b200000, 0x000000008b300000, 0x000000008b300000|100%| E|CS|TAMS 0x000000008b200000, 0x000000008b200000| Complete 
| 117|0x000000008b300000, 0x000000008b400000, 0x000000008b400000|100%| E|CS|TAMS 0x000000008b300000, 0x000000008b300000| Complete 
| 118|0x000000008b400000, 0x000000008b500000, 0x000000008b500000|100%| E|CS|TAMS 0x000000008b400000, 0x000000008b400000| Complete 
| 119|0x000000008b500000, 0x000000008b600000, 0x000000008b600000|100%| E|CS|TAMS 0x000000008b500000, 0x000000008b500000| Complete 
| 120|0x000000008b600000, 0x000000008b700000, 0x000000008b700000|100%| E|CS|TAMS 0x000000008b600000, 0x000000008b600000| Complete 
| 121|0x000000008b700000, 0x000000008b800000, 0x000000008b800000|100%| E|CS|TAMS 0x000000008b700000, 0x000000008b700000| Complete 
| 122|0x000000008b800000, 0x000000008b900000, 0x000000008b900000|100%| E|CS|TAMS 0x000000008b800000, 0x000000008b800000| Complete 
| 123|0x000000008b900000, 0x000000008ba00000, 0x000000008ba00000|100%| E|CS|TAMS 0x000000008b900000, 0x000000008b900000| Complete 
| 124|0x000000008ba00000, 0x000000008bb00000, 0x000000008bb00000|100%| E|CS|TAMS 0x000000008ba00000, 0x000000008ba00000| Complete 
| 125|0x000000008bb00000, 0x000000008bc00000, 0x000000008bc00000|100%| E|CS|TAMS 0x000000008bb00000, 0x000000008bb00000| Complete 

Card table byte_map: [0x000001fdfd430000,0x000001fdfd820000] _byte_map_base: 0x000001fdfd011000

Marking Bits (Prev, Next): (CMBitMap*) 0x000001fdf376d778, (CMBitMap*) 0x000001fdf376d7b0
 Prev Bits: [0x000001fdfdc10000, 0x000001fdffb18000)
 Next Bits: [0x000001fd8f000000, 0x000001fd90f08000)

Polling page: 0x000001fdf3810000

Metaspace:

Usage:
  Non-class:     13.33 MB capacity,    13.14 MB ( 99%) used,   146.87 KB (  1%) free+waste,    44.69 KB ( <1%) overhead. 
      Class:      1.77 MB capacity,     1.53 MB ( 86%) used,   223.77 KB ( 12%) free+waste,    24.75 KB (  1%) overhead. 
       Both:     15.10 MB capacity,    14.67 MB ( 97%) used,   370.63 KB (  2%) free+waste,    69.44 KB ( <1%) overhead. 

Virtual space:
  Non-class space:       14.00 MB reserved,      13.50 MB ( 96%) committed 
      Class space:        1.00 GB reserved,       1.88 MB ( <1%) committed 
             Both:        1.01 GB reserved,      15.38 MB (  1%) committed 

Chunk freelists:
   Non-Class:  5.63 KB
       Class:  1.63 KB
        Both:  7.25 KB

CodeHeap 'non-profiled nmethods': size=120000Kb used=419Kb max_used=419Kb free=119580Kb
 bounds [0x000001fd87ad0000, 0x000001fd87d40000, 0x000001fd8f000000]
CodeHeap 'profiled nmethods': size=120000Kb used=2087Kb max_used=2087Kb free=117912Kb
 bounds [0x000001fd805a0000, 0x000001fd80810000, 0x000001fd87ad0000]
CodeHeap 'non-nmethods': size=5760Kb used=1209Kb max_used=1222Kb free=4550Kb
 bounds [0x000001fd80000000, 0x000001fd80270000, 0x000001fd805a0000]
 total_blobs=1804 nmethods=1237 adapters=479
 compilation: enabled
              stopped_count=0, restarted_count=0
 full_count=0

Compilation events (10 events):
Event: 11.337 Thread 0x000001fd93550800 nmethod 1233 0x000001fd807a7b10 code [0x000001fd807a7d20, 0x000001fd807a82b8]
Event: 11.337 Thread 0x000001fd93550800 1234       3       java.util.concurrent.locks.AbstractQueuedSynchronizer::release (33 bytes)
Event: 11.337 Thread 0x000001fd93550800 nmethod 1234 0x000001fd807a8510 code [0x000001fd807a86c0, 0x000001fd807a8998]
Event: 11.350 Thread 0x000001fd93550800 1235       3       java.util.concurrent.locks.ReentrantLock::lock (9 bytes)
Event: 11.351 Thread 0x000001fd93550800 nmethod 1235 0x000001fd807a8a90 code [0x000001fd807a8c80, 0x000001fd807a90b8]
Event: 11.351 Thread 0x000001fd93550800 1236       3       java.util.concurrent.locks.AbstractQueuedSynchronizer::acquire (27 bytes)
Event: 11.351 Thread 0x000001fd93550800 nmethod 1236 0x000001fd807a9210 code [0x000001fd807a93e0, 0x000001fd807a97b8]
Event: 11.351 Thread 0x000001fd93550800 1237       3       java.util.concurrent.locks.ReentrantLock::unlock (10 bytes)
Event: 11.351 Thread 0x000001fd93550800 nmethod 1237 0x000001fd807a9910 code [0x000001fd807a9ae0, 0x000001fd807a9e18]
Event: 11.358 Thread 0x000001fd93548000 1238       4       java.util.HashMap::get (23 bytes)

GC Heap History (0 events):
No events

Deoptimization events (10 events):
Event: 0.439 Thread 0x000001fd94781000 Uncommon trap: reason=unstable_if action=reinterpret pc=0x000001fd87af7c60 method=java.nio.Buffer.hasRemaining()Z @ 8 c2
Event: 0.512 Thread 0x000001fd943eb000 Uncommon trap: reason=class_check action=maybe_recompile pc=0x000001fd87b13450 method=java.util.HashMap.putVal(ILjava/lang/Object;Ljava/lang/Object;ZZ)Ljava/lang/Object; @ 91 c2
Event: 0.512 Thread 0x000001fd943eb000 Uncommon trap: reason=class_check action=maybe_recompile pc=0x000001fd87b13450 method=java.util.HashMap.putVal(ILjava/lang/Object;Ljava/lang/Object;ZZ)Ljava/lang/Object; @ 91 c2
Event: 0.570 Thread 0x000001fdf3730800 Uncommon trap: reason=unstable_if action=reinterpret pc=0x000001fd87b06174 method=java.lang.StringUTF16.compress([CI[BII)I @ 20 c2
Event: 0.700 Thread 0x000001fd95ce7800 Uncommon trap: reason=unstable_if action=reinterpret pc=0x000001fd87b2c2c4 method=java.lang.StringLatin1.toLowerCase(Ljava/lang/String;[BLjava/util/Locale;)Ljava/lang/String; @ 40 c2
Event: 0.731 Thread 0x000001fd95ce7800 Uncommon trap: reason=class_check action=maybe_recompile pc=0x000001fd87b2395c method=java.util.HashMap.getNode(ILjava/lang/Object;)Ljava/util/HashMap$Node; @ 59 c2
Event: 0.738 Thread 0x000001fd95ce7800 Uncommon trap: reason=class_check action=maybe_recompile pc=0x000001fd87b2395c method=java.util.HashMap.getNode(ILjava/lang/Object;)Ljava/util/HashMap$Node; @ 59 c2
Event: 0.739 Thread 0x000001fd95ce7800 Uncommon trap: reason=class_check action=maybe_recompile pc=0x000001fd87b2395c method=java.util.HashMap.getNode(ILjava/lang/Object;)Ljava/util/HashMap$Node; @ 59 c2
Event: 0.739 Thread 0x000001fd95ce7800 Uncommon trap: reason=class_check action=maybe_recompile pc=0x000001fd87b2395c method=java.util.HashMap.getNode(ILjava/lang/Object;)Ljava/util/HashMap$Node; @ 59 c2
Event: 0.760 Thread 0x000001fd95ce7800 Uncommon trap: reason=class_check action=maybe_recompile pc=0x000001fd87b14b48 method=java.util.HashMap.getNode(ILjava/lang/Object;)Ljava/util/HashMap$Node; @ 59 c2

Classes redefined (0 events):
No events

Internal exceptions (10 events):
Event: 0.354 Thread 0x000001fdf3730800 Exception <a 'java/lang/NoSuchMethodError'{0x000000008b5e3650}: java.lang.invoke.DirectMethodHandle$Holder.invokeStatic(Ljava/lang/Object;ILjava/lang/Object;)Ljava/lang/Object;> (0x000000008b5e3650) thrown at [./open/src/hotspot/share/interpreter/linkReso
Event: 0.372 Thread 0x000001fdf3730800 Exception <a 'java/lang/ClassNotFoundException'{0x000000008b491ae0}: com/sun/swing/internal/plaf/metal/resources/spi/metalProvider> (0x000000008b491ae0) thrown at [./open/src/hotspot/share/classfile/systemDictionary.cpp, line 226]
Event: 0.373 Thread 0x000001fdf3730800 Exception <a 'java/lang/ClassNotFoundException'{0x000000008b495d20}: com/sun/swing/internal/plaf/basic/resources/spi/basicProvider> (0x000000008b495d20) thrown at [./open/src/hotspot/share/classfile/systemDictionary.cpp, line 226]
Event: 0.521 Thread 0x000001fd943eb000 Exception <a 'java/lang/NoSuchMethodError'{0x000000008b88e970}: java.lang.invoke.DirectMethodHandle$Holder.invokeVirtual(Ljava/lang/Object;Ljava/lang/Object;)V> (0x000000008b88e970) thrown at [./open/src/hotspot/share/interpreter/linkResolver.cpp, line 77
Event: 0.542 Thread 0x000001fdf3730800 Exception <a 'java/lang/NoSuchMethodError'{0x000000008b1ac948}: java.lang.invoke.DirectMethodHandle$Holder.invokeStaticInit(Ljava/lang/Object;)V> (0x000000008b1ac948) thrown at [./open/src/hotspot/share/interpreter/linkResolver.cpp, line 772]
Event: 0.593 Thread 0x000001fdf3730800 Exception <a 'java/lang/NoSuchMethodError'{0x000000008af6bf08}: java.lang.invoke.DirectMethodHandle$Holder.invokeStatic(Ljava/lang/Object;Ljava/lang/Object;Ljava/lang/Object;Ljava/lang/Object;Ljava/lang/Object;Ljava/lang/Object;Ljava/lang/Object;Ljava/lan
Event: 0.596 Thread 0x000001fdf3730800 Exception <a 'java/lang/NoSuchMethodError'{0x000000008af8a350}: java.lang.invoke.DirectMethodHandle$Holder.invokeStatic(Ljava/lang/Object;Ljava/lang/Object;Ljava/lang/Object;Ljava/lang/Object;Ljava/lang/Object;Ljava/lang/Object;Ljava/lang/Object;Ljava/lan
Event: 0.597 Thread 0x000001fdf3730800 Exception <a 'java/lang/NoSuchMethodError'{0x000000008afa92e0}: java.lang.invoke.DirectMethodHandle$Holder.invokeStatic(Ljava/lang/Object;Ljava/lang/Object;Ljava/lang/Object;Ljava/lang/Object;Ljava/lang/Object;Ljava/lang/Object;Ljava/lang/Object;Ljava/lan
Event: 0.598 Thread 0x000001fdf3730800 Exception <a 'java/lang/NoSuchMethodError'{0x000000008afb5290}: java.lang.invoke.Invokers$Holder.linkToTargetMethod(Ljava/lang/Object;ILjava/lang/Object;)Ljava/lang/Object;> (0x000000008afb5290) thrown at [./open/src/hotspot/share/interpreter/linkResolver
Event: 0.662 Thread 0x000001fd95ce7800 Exception <a 'java/lang/NoSuchMethodError'{0x000000008b0709f8}: java.lang.invoke.DirectMethodHandle$Holder.invokeStatic(Ljava/lang/Object;Ljava/lang/Object;Ljava/lang/Object;Ljava/lang/Object;Ljava/lang/Object;Ljava/lang/Object;Ljava/lang/Object;Ljava/lan

Events (10 events):
Event: 5.520 Thread 0x000001fd948f9000 Thread exited: 0x000001fd948f9000
Event: 5.520 Executing VM operation: RevokeBias done
Event: 5.520 Thread 0x000001fd94781000 Thread exited: 0x000001fd94781000
Event: 5.815 Thread 0x000001fd94089000 Thread exited: 0x000001fd94089000
Event: 11.213 Executing VM operation: RevokeBias
Event: 11.213 Executing VM operation: RevokeBias done
Event: 11.213 Executing VM operation: RevokeBias
Event: 11.213 Executing VM operation: RevokeBias done
Event: 11.213 Executing VM operation: RevokeBias
Event: 11.213 Executing VM operation: RevokeBias done


Dynamic libraries:
0x00007ff73b4e0000 - 0x00007ff73b4ef000 	C:\Program Files\Java\jdk-11.0.17\bin\java.exe
0x00007ffaf60d0000 - 0x00007ffaf62e7000 	C:\WINDOWS\SYSTEM32\ntdll.dll
0x00007ffaf5b10000 - 0x00007ffaf5bd4000 	C:\WINDOWS\System32\KERNEL32.DLL
0x00007ffaf35c0000 - 0x00007ffaf3966000 	C:\WINDOWS\System32\KERNELBASE.dll
0x00007ffaf3bc0000 - 0x00007ffaf3cd1000 	C:\WINDOWS\System32\ucrtbase.dll
0x00007ffae8840000 - 0x00007ffae8855000 	C:\Program Files\Java\jdk-11.0.17\bin\VCRUNTIME140.dll
0x00007ffad6a50000 - 0x00007ffad6a68000 	C:\Program Files\Java\jdk-11.0.17\bin\jli.dll
0x00007ffaf50d0000 - 0x00007ffaf5180000 	C:\WINDOWS\System32\ADVAPI32.dll
0x00007ffaf5dc0000 - 0x00007ffaf5e67000 	C:\WINDOWS\System32\msvcrt.dll
0x00007ffaf5620000 - 0x00007ffaf56c6000 	C:\WINDOWS\System32\sechost.dll
0x00007ffaf5e70000 - 0x00007ffaf5f87000 	C:\WINDOWS\System32\RPCRT4.dll
0x00007ffaf5830000 - 0x00007ffaf59dd000 	C:\WINDOWS\System32\USER32.dll
0x00007ffaf3ce0000 - 0x00007ffaf3d06000 	C:\WINDOWS\System32\win32u.dll
0x00007ffad4b60000 - 0x00007ffad4df3000 	C:\WINDOWS\WinSxS\amd64_microsoft.windows.common-controls_6595b64144ccf1df_6.0.22621.2361_none_2712ced57382f843\COMCTL32.dll
0x00007ffaf5ac0000 - 0x00007ffaf5ae9000 	C:\WINDOWS\System32\GDI32.dll
0x00007ffaf3d10000 - 0x00007ffaf3e28000 	C:\WINDOWS\System32\gdi32full.dll
0x00007ffaf3a30000 - 0x00007ffaf3aca000 	C:\WINDOWS\System32\msvcp_win.dll
0x00007ffae37a0000 - 0x00007ffae37aa000 	C:\WINDOWS\SYSTEM32\VERSION.dll
0x00007ffaf56d0000 - 0x00007ffaf5701000 	C:\WINDOWS\System32\IMM32.DLL
0x00007ffab6280000 - 0x00007ffab631b000 	C:\Program Files\Java\jdk-11.0.17\bin\msvcp140.dll
0x00007ffa7f6c0000 - 0x00007ffa801da000 	C:\Program Files\Java\jdk-11.0.17\bin\server\jvm.dll
0x00007ffaf5b00000 - 0x00007ffaf5b08000 	C:\WINDOWS\System32\PSAPI.DLL
0x00007ffacdc90000 - 0x00007ffacdc99000 	C:\WINDOWS\SYSTEM32\WSOCK32.dll
0x00007ffae8770000 - 0x00007ffae87a4000 	C:\WINDOWS\SYSTEM32\WINMM.dll
0x00007ffaf5050000 - 0x00007ffaf50c1000 	C:\WINDOWS\System32\WS2_32.dll
0x00007ffaf2580000 - 0x00007ffaf2598000 	C:\WINDOWS\SYSTEM32\kernel.appcore.dll
0x00007ffaee790000 - 0x00007ffaee7a0000 	C:\Program Files\Java\jdk-11.0.17\bin\verify.dll
0x00007ffae7200000 - 0x00007ffae742e000 	C:\WINDOWS\SYSTEM32\DBGHELP.DLL
0x00007ffaf4380000 - 0x00007ffaf470a000 	C:\WINDOWS\System32\combase.dll
0x00007ffaf59e0000 - 0x00007ffaf5ab7000 	C:\WINDOWS\System32\OLEAUT32.dll
0x00007ffad2fa0000 - 0x00007ffad2fd2000 	C:\WINDOWS\SYSTEM32\dbgcore.DLL
0x00007ffaf3b40000 - 0x00007ffaf3bba000 	C:\WINDOWS\System32\bcryptPrimitives.dll
0x00007ffad4820000 - 0x00007ffad4848000 	C:\Program Files\Java\jdk-11.0.17\bin\java.dll
0x00007ffaeb290000 - 0x00007ffaeb29a000 	C:\Program Files\Java\jdk-11.0.17\bin\jimage.dll
0x00007ffad4e50000 - 0x00007ffad4e66000 	C:\Program Files\Java\jdk-11.0.17\bin\zip.dll
0x00007ffaf4710000 - 0x00007ffaf4f68000 	C:\WINDOWS\System32\SHELL32.dll
0x00007ffaf13b0000 - 0x00007ffaf1ca2000 	C:\WINDOWS\SYSTEM32\windows.storage.dll
0x00007ffaf1270000 - 0x00007ffaf13ae000 	C:\WINDOWS\SYSTEM32\wintypes.dll
0x00007ffaf5c50000 - 0x00007ffaf5d43000 	C:\WINDOWS\System32\SHCORE.dll
0x00007ffaf4ff0000 - 0x00007ffaf504e000 	C:\WINDOWS\System32\shlwapi.dll
0x00007ffaf3380000 - 0x00007ffaf33a6000 	C:\WINDOWS\SYSTEM32\profapi.dll
0x00007ffad2a60000 - 0x00007ffad2a79000 	C:\Program Files\Java\jdk-11.0.17\bin\net.dll
0x00007ffaebf20000 - 0x00007ffaec057000 	C:\WINDOWS\SYSTEM32\WINHTTP.dll
0x00007ffaf2a00000 - 0x00007ffaf2a69000 	C:\WINDOWS\system32\mswsock.dll
0x00007ffad29f0000 - 0x00007ffad2a02000 	C:\Program Files\Java\jdk-11.0.17\bin\nio.dll
0x00007ffa9b670000 - 0x00007ffa9b80b000 	C:\Program Files\Java\jdk-11.0.17\bin\awt.dll
0x00007ffaf07e0000 - 0x00007ffaf0877000 	C:\WINDOWS\SYSTEM32\apphelp.dll
0x00007ffaf0c00000 - 0x00007ffaf0c2b000 	C:\WINDOWS\system32\DWMAPI.DLL
0x00007ffaf0950000 - 0x00007ffaf09fb000 	C:\WINDOWS\system32\uxtheme.dll
0x00007ffad3010000 - 0x00007ffad3110000 	C:\WINDOWS\system32\opengl32.dll
0x00007ffad67c0000 - 0x00007ffad67ed000 	C:\WINDOWS\SYSTEM32\GLU32.dll
0x00007ffaf0a90000 - 0x00007ffaf0ac6000 	C:\WINDOWS\SYSTEM32\dxcore.dll
0x00007ffaf3e30000 - 0x00007ffaf3f7c000 	C:\WINDOWS\System32\MSCTF.dll
0x00007ffaf3f90000 - 0x00007ffaf412f000 	C:\WINDOWS\System32\ole32.dll
0x00007ffac26d0000 - 0x00007ffac26f8000 	C:\Program Files\Java\jdk-11.0.17\bin\javaaccessbridge.dll
0x00007ffad8ce0000 - 0x00007ffad8ce7000 	C:\Program Files\Java\jdk-11.0.17\bin\jawt.dll
0x00007ffaaf470000 - 0x00007ffaaf4f3000 	C:\Program Files\Java\jdk-11.0.17\bin\freetype.dll
0x00007ffa9ca60000 - 0x00007ffa9cb22000 	C:\Program Files\Java\jdk-11.0.17\bin\fontmanager.dll
0x00007ffad4400000 - 0x00007ffad454a000 	C:\WINDOWS\SYSTEM32\textinputframework.dll
0x00007ffaf0500000 - 0x00007ffaf0633000 	C:\WINDOWS\SYSTEM32\CoreMessaging.dll
0x00007ffaed100000 - 0x00007ffaed46c000 	C:\WINDOWS\SYSTEM32\CoreUIComponents.dll
0x00007ffaf2c70000 - 0x00007ffaf2c7c000 	C:\WINDOWS\SYSTEM32\CRYPTBASE.DLL

dbghelp: loaded successfully - version: 4.0.5 - missing functions: none
symbol engine: initialized successfully - sym options: 0x614 - pdb path: .;C:\Program Files\Java\jdk-11.0.17\bin;C:\WINDOWS\SYSTEM32;C:\WINDOWS\WinSxS\amd64_microsoft.windows.common-controls_6595b64144ccf1df_6.0.22621.2361_none_2712ced57382f843;C:\Program Files\Java\jdk-11.0.17\bin\server

VM Arguments:
jvm_args: -Dfile.encoding=UTF-8 --module-path=C:\Users\padal\Documents\NetBeansProjects\Pharmacy\build\classes 
java_command: pharmacy.AdminDashboard
java_class_path (initial): C:\Users\padal\Downloads\rs2xml.jar;C:\Users\padal\Downloads\mysql-connector-java-8.0.28.jar;C:\Users\padal\Documents\NetBeansProjects\Pharmacy\build\classes
Launcher Type: SUN_STANDARD

[Global flags]
     intx CICompilerCount                          = 4                                         {product} {ergonomic}
     uint ConcGCThreads                            = 2                                         {product} {ergonomic}
     uint G1ConcRefinementThreads                  = 8                                         {product} {ergonomic}
   size_t G1HeapRegionSize                         = 1048576                                   {product} {ergonomic}
    uintx GCDrainStackTargetSize                   = 64                                        {product} {ergonomic}
   size_t InitialHeapSize                          = 132120576                                 {product} {ergonomic}
   size_t MarkStackSize                            = 4194304                                   {product} {ergonomic}
   size_t MaxHeapSize                              = 2082471936                                {product} {ergonomic}
   size_t MaxNewSize                               = 1248854016                                {product} {ergonomic}
   size_t MinHeapDeltaBytes                        = 1048576                                   {product} {ergonomic}
    uintx NonNMethodCodeHeapSize                   = 5836300                                {pd product} {ergonomic}
    uintx NonProfiledCodeHeapSize                  = 122910970                              {pd product} {ergonomic}
    uintx ProfiledCodeHeapSize                     = 122910970                              {pd product} {ergonomic}
    uintx ReservedCodeCacheSize                    = 251658240                              {pd product} {ergonomic}
     bool SegmentedCodeCache                       = true                                      {product} {ergonomic}
     bool UseCompressedClassPointers               = true                                 {lp64_product} {ergonomic}
     bool UseCompressedOops                        = true                                 {lp64_product} {ergonomic}
     bool UseG1GC                                  = true                                      {product} {ergonomic}
     bool UseLargePagesIndividualAllocation        = false                                  {pd product} {ergonomic}

Logging:
Log output configuration:
 #0: stdout all=warning uptime,level,tags
 #1: stderr all=off uptime,level,tags

Environment Variables:
PATH=C:\Program Files\Common Files\Oracle\Java\javapath;C:\Program Files (x86)\VMware\VMware Workstation\bin\;C:\WINDOWS\system32;C:\WINDOWS;C:\WINDOWS\System32\Wbem;C:\WINDOWS\System32\WindowsPowerShell\v1.0\;C:\WINDOWS\System32\OpenSSH\;C:\Program Files\MySQL\MySQL Server 8.0\bin;E:\Git\cmd;E:\NODEJS\;C:\Program Files\MySQL\MySQL Shell 8.0\bin\;C:\Users\padal\AppData\Local\Programs\Python\Python310\Scripts\;C:\Users\padal\AppData\Local\Programs\Python\Python310\;C:\Users\padal\AppData\Local\Microsoft\WindowsApps;E:\Microsoft VS Code\bin;C:\Program Files\Java\jdk-11.0.17\bin;C:\Users\padal\AppData\Roaming\npm;C:\Program Files\MongoDB\Server\7.0\bin;
USERNAME=padal
OS=Windows_NT
PROCESSOR_IDENTIFIER=Intel64 Family 6 Model 140 Stepping 2, GenuineIntel



---------------  S Y S T E M  ---------------

OS: Windows 11 , 64 bit Build 22621 (10.0.22621.2428)

CPU:total 8 (initial active 8) (4 cores per cpu, 2 threads per core) family 6 model 140 stepping 2 microcode 0x2c, cmov, cx8, fxsr, mmx, sse, sse2, sse3, ssse3, sse4.1, sse4.2, popcnt, avx, avx2, aes, clmul, erms, 3dnowpref, lzcnt, ht, tsc, tscinvbit, bmi1, bmi2, adx, evex, sha, fma

Memory: 4k page, system-wide physical 7941M (341M free)
TotalPageFile size 32517M (AvailPageFile size 0M)
current process WorkingSet (physical memory assigned to process): 85M, peak: 93M
current process commit charge ("private bytes"): 227M, peak: 234M

vm_info: Java HotSpot(TM) 64-Bit Server VM (11.0.17+10-LTS-269) for windows-amd64 JRE (11.0.17+10-LTS-269), built on Sep 13 2022 19:26:37 by "mach5one" with MS VC++ 15.9 (VS2017)

END.
